mode: atomic
github.com/renproject/abi/record.go:16.49,20.41 3 0
github.com/renproject/abi/record.go:24.2,24.37 1 0
github.com/renproject/abi/record.go:42.2,42.12 1 0
github.com/renproject/abi/record.go:20.41,22.3 1 0
github.com/renproject/abi/record.go:24.37,29.42 4 0
github.com/renproject/abi/record.go:33.3,33.42 1 0
github.com/renproject/abi/record.go:38.3,38.49 1 0
github.com/renproject/abi/record.go:29.42,31.4 1 0
github.com/renproject/abi/record.go:33.42,35.4 1 0
github.com/renproject/abi/record.go:38.49,40.4 1 0
github.com/renproject/abi/record.go:45.52,48.2 2 0
github.com/renproject/abi/record.go:50.91,52.49 2 0
github.com/renproject/abi/record.go:58.2,58.19 1 0
github.com/renproject/abi/record.go:61.2,63.17 3 0
github.com/renproject/abi/record.go:67.2,68.35 2 0
github.com/renproject/abi/record.go:101.2,101.25 1 0
github.com/renproject/abi/record.go:52.49,54.3 1 0
github.com/renproject/abi/record.go:58.19,60.3 1 0
github.com/renproject/abi/record.go:63.17,65.3 1 0
github.com/renproject/abi/record.go:68.35,71.54 2 0
github.com/renproject/abi/record.go:74.3,74.32 1 0
github.com/renproject/abi/record.go:77.3,78.53 2 0
github.com/renproject/abi/record.go:81.3,84.18 4 0
github.com/renproject/abi/record.go:90.3,91.17 2 0
github.com/renproject/abi/record.go:94.3,96.18 3 0
github.com/renproject/abi/record.go:99.3,99.71 1 0
github.com/renproject/abi/record.go:71.54,73.4 1 0
github.com/renproject/abi/record.go:74.32,76.4 1 0
github.com/renproject/abi/record.go:78.53,80.4 1 0
github.com/renproject/abi/record.go:84.18,86.4 1 0
github.com/renproject/abi/record.go:91.17,93.4 1 0
github.com/renproject/abi/record.go:96.18,98.4 1 0
github.com/renproject/abi/record.go:104.37,106.37 2 0
github.com/renproject/abi/record.go:112.2,112.13 1 0
github.com/renproject/abi/record.go:106.37,111.3 4 0
github.com/renproject/abi/record.go:115.34,117.2 1 0
github.com/renproject/abi/record.go:119.46,120.55 1 0
github.com/renproject/abi/record.go:123.2,123.11 1 0
github.com/renproject/abi/record.go:127.2,127.31 1 0
github.com/renproject/abi/record.go:131.2,131.108 1 0
github.com/renproject/abi/record.go:120.55,122.3 1 0
github.com/renproject/abi/record.go:123.11,126.3 2 0
github.com/renproject/abi/record.go:127.31,130.3 2 0
github.com/renproject/abi/record.go:134.40,135.55 1 0
github.com/renproject/abi/record.go:138.2,138.11 1 0
github.com/renproject/abi/record.go:141.2,141.64 1 0
github.com/renproject/abi/record.go:135.55,137.3 1 0
github.com/renproject/abi/record.go:138.11,140.3 1 0
github.com/renproject/abi/record.go:144.50,145.55 1 0
github.com/renproject/abi/record.go:148.2,148.11 1 0
github.com/renproject/abi/record.go:151.2,151.36 1 0
github.com/renproject/abi/record.go:145.55,147.3 1 0
github.com/renproject/abi/record.go:148.11,150.3 1 0
github.com/renproject/abi/record.go:154.32,156.2 1 0
github.com/renproject/abi/record.go:158.57,159.37 1 0
github.com/renproject/abi/record.go:159.37,161.3 1 0
github.com/renproject/abi/abi.go:40.42,41.59 1 0
github.com/renproject/abi/abi.go:44.2,44.37 1 0
github.com/renproject/abi/abi.go:47.2,47.12 1 0
github.com/renproject/abi/abi.go:41.59,43.3 1 0
github.com/renproject/abi/abi.go:44.37,46.3 1 0
github.com/renproject/abi/abi.go:50.44,53.2 2 0
github.com/renproject/abi/abi.go:55.81,57.48 2 0
github.com/renproject/abi/abi.go:61.2,61.18 1 0
github.com/renproject/abi/abi.go:132.2,132.79 1 0
github.com/renproject/abi/abi.go:57.48,59.3 1 0
github.com/renproject/abi/abi.go:63.17,66.17 3 0
github.com/renproject/abi/abi.go:69.3,69.21 1 0
github.com/renproject/abi/abi.go:70.19,72.40 2 0
github.com/renproject/abi/abi.go:75.3,75.20 1 0
github.com/renproject/abi/abi.go:78.14,80.40 2 0
github.com/renproject/abi/abi.go:83.3,83.19 1 0
github.com/renproject/abi/abi.go:84.15,86.40 2 0
github.com/renproject/abi/abi.go:89.3,89.19 1 0
github.com/renproject/abi/abi.go:90.15,92.40 2 0
github.com/renproject/abi/abi.go:95.3,95.19 1 0
github.com/renproject/abi/abi.go:96.15,98.40 2 0
github.com/renproject/abi/abi.go:101.3,101.19 1 0
github.com/renproject/abi/abi.go:102.16,104.40 2 0
github.com/renproject/abi/abi.go:107.3,107.20 1 0
github.com/renproject/abi/abi.go:108.16,110.40 2 0
github.com/renproject/abi/abi.go:113.3,113.20 1 0
github.com/renproject/abi/abi.go:116.16,119.17 3 0
github.com/renproject/abi/abi.go:122.3,122.22 1 0
github.com/renproject/abi/abi.go:123.18,126.17 3 0
github.com/renproject/abi/abi.go:129.3,129.22 1 0
github.com/renproject/abi/abi.go:66.17,68.4 1 0
github.com/renproject/abi/abi.go:72.40,74.4 1 0
github.com/renproject/abi/abi.go:80.40,82.4 1 0
github.com/renproject/abi/abi.go:86.40,88.4 1 0
github.com/renproject/abi/abi.go:92.40,94.4 1 0
github.com/renproject/abi/abi.go:98.40,100.4 1 0
github.com/renproject/abi/abi.go:104.40,106.4 1 0
github.com/renproject/abi/abi.go:110.40,112.4 1 0
github.com/renproject/abi/abi.go:119.17,121.4 1 0
github.com/renproject/abi/abi.go:126.17,128.4 1 0
github.com/renproject/abi/bytes.go:14.43,16.54 2 100
github.com/renproject/abi/bytes.go:19.2,20.12 2 100
github.com/renproject/abi/bytes.go:16.54,18.3 1 0
github.com/renproject/abi/bytes.go:23.46,26.2 2 101
github.com/renproject/abi/bytes.go:28.71,30.49 2 101
github.com/renproject/abi/bytes.go:33.2,33.19 1 101
github.com/renproject/abi/bytes.go:36.2,37.46 2 101
github.com/renproject/abi/bytes.go:40.2,40.17 1 101
github.com/renproject/abi/bytes.go:30.49,32.3 1 0
github.com/renproject/abi/bytes.go:33.19,35.3 1 0
github.com/renproject/abi/bytes.go:37.46,39.3 1 0
github.com/renproject/abi/bytes.go:43.31,45.2 1 0
github.com/renproject/abi/bytes.go:47.46,49.2 1 100
github.com/renproject/abi/bytes.go:51.50,53.55 2 100
github.com/renproject/abi/bytes.go:56.2,57.16 2 100
github.com/renproject/abi/bytes.go:60.2,61.12 2 100
github.com/renproject/abi/bytes.go:53.55,55.3 1 0
github.com/renproject/abi/bytes.go:57.16,59.3 1 0
github.com/renproject/abi/bytes.go:64.28,66.2 1 0
github.com/renproject/abi/bytes.go:68.26,70.2 1 0
github.com/renproject/abi/bytes.go:72.32,74.2 1 100
github.com/renproject/abi/bytes.go:78.45,81.2 2 100
github.com/renproject/abi/bytes.go:83.48,84.51 1 101
github.com/renproject/abi/bytes.go:87.2,87.12 1 101
github.com/renproject/abi/bytes.go:84.51,86.3 1 0
github.com/renproject/abi/bytes.go:90.33,92.2 1 0
github.com/renproject/abi/bytes.go:94.48,96.2 1 100
github.com/renproject/abi/bytes.go:98.52,100.55 2 100
github.com/renproject/abi/bytes.go:103.2,104.16 2 100
github.com/renproject/abi/bytes.go:107.2,107.21 1 100
github.com/renproject/abi/bytes.go:110.2,111.12 2 100
github.com/renproject/abi/bytes.go:100.55,102.3 1 0
github.com/renproject/abi/bytes.go:104.16,106.3 1 0
github.com/renproject/abi/bytes.go:107.21,109.3 1 0
github.com/renproject/abi/bytes.go:114.30,116.2 1 0
github.com/renproject/abi/bytes.go:118.34,120.2 1 100
github.com/renproject/abi/int.go:17.24,19.2 1 200
github.com/renproject/abi/int.go:21.41,23.2 1 100
github.com/renproject/abi/int.go:25.44,27.2 1 100
github.com/renproject/abi/int.go:29.29,31.2 1 0
github.com/renproject/abi/int.go:33.44,35.2 1 100
github.com/renproject/abi/int.go:37.48,39.55 2 100
github.com/renproject/abi/int.go:42.2,43.16 2 100
github.com/renproject/abi/int.go:46.2,47.12 2 100
github.com/renproject/abi/int.go:39.55,41.3 1 0
github.com/renproject/abi/int.go:43.16,45.3 1 0
github.com/renproject/abi/int.go:50.23,52.2 1 0
github.com/renproject/abi/int.go:54.28,56.2 1 0
github.com/renproject/abi/int.go:58.30,60.2 1 100
github.com/renproject/abi/int.go:62.31,64.26 2 0
github.com/renproject/abi/int.go:67.2,67.12 1 0
github.com/renproject/abi/int.go:64.26,65.20 1 0
github.com/renproject/abi/int.go:70.31,72.26 2 0
github.com/renproject/abi/int.go:75.2,75.12 1 0
github.com/renproject/abi/int.go:72.26,73.21 1 0
github.com/renproject/abi/int.go:78.35,80.28 2 0
github.com/renproject/abi/int.go:80.28,81.20 1 0
github.com/renproject/abi/int.go:85.35,87.28 2 0
github.com/renproject/abi/int.go:87.28,88.21 1 0
github.com/renproject/abi/int.go:92.35,94.2 1 0
github.com/renproject/abi/int.go:100.27,102.2 1 200
github.com/renproject/abi/int.go:104.43,106.2 1 100
github.com/renproject/abi/int.go:108.46,110.2 1 100
github.com/renproject/abi/int.go:112.31,114.2 1 0
github.com/renproject/abi/int.go:116.46,118.2 1 100
github.com/renproject/abi/int.go:120.50,122.55 2 100
github.com/renproject/abi/int.go:125.2,126.16 2 100
github.com/renproject/abi/int.go:129.2,130.12 2 100
github.com/renproject/abi/int.go:122.55,124.3 1 0
github.com/renproject/abi/int.go:126.16,128.3 1 0
github.com/renproject/abi/int.go:133.24,135.2 1 0
github.com/renproject/abi/int.go:137.32,139.2 1 0
github.com/renproject/abi/int.go:141.32,143.2 1 100
github.com/renproject/abi/int.go:145.35,147.27 2 0
github.com/renproject/abi/int.go:150.2,150.12 1 0
github.com/renproject/abi/int.go:147.27,148.20 1 0
github.com/renproject/abi/int.go:153.35,155.27 2 0
github.com/renproject/abi/int.go:158.2,158.12 1 0
github.com/renproject/abi/int.go:155.27,156.21 1 0
github.com/renproject/abi/int.go:161.38,163.29 2 0
github.com/renproject/abi/int.go:163.29,164.20 1 0
github.com/renproject/abi/int.go:168.38,170.29 2 0
github.com/renproject/abi/int.go:170.29,171.21 1 0
github.com/renproject/abi/int.go:175.38,177.2 1 0
github.com/renproject/abi/int.go:183.27,185.2 1 200
github.com/renproject/abi/int.go:187.43,189.2 1 100
github.com/renproject/abi/int.go:191.46,193.2 1 100
github.com/renproject/abi/int.go:195.31,197.2 1 0
github.com/renproject/abi/int.go:199.46,201.2 1 100
github.com/renproject/abi/int.go:203.50,205.55 2 100
github.com/renproject/abi/int.go:208.2,209.16 2 100
github.com/renproject/abi/int.go:212.2,213.12 2 100
github.com/renproject/abi/int.go:205.55,207.3 1 0
github.com/renproject/abi/int.go:209.16,211.3 1 0
github.com/renproject/abi/int.go:216.24,218.2 1 0
github.com/renproject/abi/int.go:220.32,222.2 1 0
github.com/renproject/abi/int.go:224.32,226.2 1 100
github.com/renproject/abi/int.go:228.35,230.27 2 0
github.com/renproject/abi/int.go:233.2,233.12 1 0
github.com/renproject/abi/int.go:230.27,231.20 1 0
github.com/renproject/abi/int.go:236.35,238.27 2 0
github.com/renproject/abi/int.go:241.2,241.12 1 0
github.com/renproject/abi/int.go:238.27,239.21 1 0
github.com/renproject/abi/int.go:244.38,246.29 2 0
github.com/renproject/abi/int.go:246.29,247.20 1 0
github.com/renproject/abi/int.go:251.38,253.29 2 0
github.com/renproject/abi/int.go:253.29,254.21 1 0
github.com/renproject/abi/int.go:258.38,260.2 1 0
github.com/renproject/abi/int.go:266.27,268.2 1 200
github.com/renproject/abi/int.go:270.43,272.2 1 100
github.com/renproject/abi/int.go:274.46,276.2 1 100
github.com/renproject/abi/int.go:278.31,280.2 1 0
github.com/renproject/abi/int.go:282.46,284.2 1 100
github.com/renproject/abi/int.go:286.50,288.55 2 100
github.com/renproject/abi/int.go:291.2,292.16 2 100
github.com/renproject/abi/int.go:295.2,296.12 2 100
github.com/renproject/abi/int.go:288.55,290.3 1 0
github.com/renproject/abi/int.go:292.16,294.3 1 0
github.com/renproject/abi/int.go:299.24,301.2 1 0
github.com/renproject/abi/int.go:303.32,305.2 1 0
github.com/renproject/abi/int.go:307.32,309.2 1 100
github.com/renproject/abi/int.go:311.35,313.27 2 0
github.com/renproject/abi/int.go:316.2,316.12 1 0
github.com/renproject/abi/int.go:313.27,314.20 1 0
github.com/renproject/abi/int.go:319.35,321.27 2 0
github.com/renproject/abi/int.go:324.2,324.12 1 0
github.com/renproject/abi/int.go:321.27,322.21 1 0
github.com/renproject/abi/int.go:327.38,329.29 2 0
github.com/renproject/abi/int.go:329.29,330.20 1 0
github.com/renproject/abi/int.go:334.38,336.29 2 0
github.com/renproject/abi/int.go:336.29,337.21 1 0
github.com/renproject/abi/int.go:341.38,343.2 1 0
github.com/renproject/abi/int.go:349.31,351.2 1 200
github.com/renproject/abi/int.go:353.45,355.2 1 100
github.com/renproject/abi/int.go:357.48,359.47 2 100
github.com/renproject/abi/int.go:362.2,362.23 1 100
github.com/renproject/abi/int.go:365.2,366.12 2 100
github.com/renproject/abi/int.go:359.47,361.3 1 0
github.com/renproject/abi/int.go:362.23,364.3 1 100
github.com/renproject/abi/int.go:369.33,371.2 1 0
github.com/renproject/abi/int.go:373.48,375.2 1 100
github.com/renproject/abi/int.go:377.52,379.55 2 100
github.com/renproject/abi/int.go:382.2,382.23 1 100
github.com/renproject/abi/int.go:385.2,386.9 2 100
github.com/renproject/abi/int.go:389.2,389.39 1 100
github.com/renproject/abi/int.go:392.2,392.12 1 100
github.com/renproject/abi/int.go:379.55,381.3 1 0
github.com/renproject/abi/int.go:382.23,384.3 1 100
github.com/renproject/abi/int.go:386.9,388.3 1 0
github.com/renproject/abi/int.go:389.39,391.3 1 0
github.com/renproject/abi/int.go:395.25,397.2 1 0
github.com/renproject/abi/int.go:399.33,401.2 1 0
github.com/renproject/abi/int.go:403.34,405.2 1 100
github.com/renproject/abi/int.go:407.39,410.39 3 0
github.com/renproject/abi/int.go:413.2,413.12 1 0
github.com/renproject/abi/int.go:410.39,411.20 1 0
github.com/renproject/abi/int.go:416.39,419.28 3 0
github.com/renproject/abi/int.go:422.2,422.12 1 0
github.com/renproject/abi/int.go:419.28,420.21 1 0
github.com/renproject/abi/int.go:425.41,426.23 1 0
github.com/renproject/abi/int.go:429.2,430.40 2 0
github.com/renproject/abi/int.go:426.23,428.3 1 0
github.com/renproject/abi/int.go:430.40,431.20 1 0
github.com/renproject/abi/int.go:435.41,436.23 1 0
github.com/renproject/abi/int.go:439.2,440.29 2 0
github.com/renproject/abi/int.go:436.23,438.3 1 0
github.com/renproject/abi/int.go:440.29,441.21 1 0
github.com/renproject/abi/int.go:445.41,446.23 1 0
github.com/renproject/abi/int.go:449.2,449.24 1 0
github.com/renproject/abi/int.go:452.2,452.41 1 0
github.com/renproject/abi/int.go:446.23,448.3 1 0
github.com/renproject/abi/int.go:449.24,451.3 1 0
github.com/renproject/abi/int.go:459.31,461.2 1 200
github.com/renproject/abi/int.go:463.45,465.2 1 100
github.com/renproject/abi/int.go:467.48,469.47 2 100
github.com/renproject/abi/int.go:472.2,472.23 1 100
github.com/renproject/abi/int.go:475.2,476.12 2 100
github.com/renproject/abi/int.go:469.47,471.3 1 0
github.com/renproject/abi/int.go:472.23,474.3 1 100
github.com/renproject/abi/int.go:479.33,481.2 1 0
github.com/renproject/abi/int.go:483.48,485.2 1 100
github.com/renproject/abi/int.go:487.52,489.55 2 100
github.com/renproject/abi/int.go:492.2,492.23 1 100
github.com/renproject/abi/int.go:495.2,496.9 2 100
github.com/renproject/abi/int.go:499.2,499.39 1 100
github.com/renproject/abi/int.go:502.2,502.12 1 100
github.com/renproject/abi/int.go:489.55,491.3 1 0
github.com/renproject/abi/int.go:492.23,494.3 1 100
github.com/renproject/abi/int.go:496.9,498.3 1 0
github.com/renproject/abi/int.go:499.39,501.3 1 0
github.com/renproject/abi/int.go:505.25,507.2 1 0
github.com/renproject/abi/int.go:509.33,511.2 1 0
github.com/renproject/abi/int.go:513.34,515.2 1 100
github.com/renproject/abi/int.go:517.39,520.39 3 0
github.com/renproject/abi/int.go:523.2,523.12 1 0
github.com/renproject/abi/int.go:520.39,521.20 1 0
github.com/renproject/abi/int.go:526.39,529.28 3 0
github.com/renproject/abi/int.go:532.2,532.12 1 0
github.com/renproject/abi/int.go:529.28,530.21 1 0
github.com/renproject/abi/int.go:535.41,536.23 1 0
github.com/renproject/abi/int.go:539.2,540.40 2 0
github.com/renproject/abi/int.go:536.23,538.3 1 0
github.com/renproject/abi/int.go:540.40,541.20 1 0
github.com/renproject/abi/int.go:545.41,546.23 1 0
github.com/renproject/abi/int.go:549.2,550.29 2 0
github.com/renproject/abi/int.go:546.23,548.3 1 0
github.com/renproject/abi/int.go:550.29,551.21 1 0
github.com/renproject/abi/int.go:555.41,556.23 1 0
github.com/renproject/abi/int.go:559.2,559.24 1 0
github.com/renproject/abi/int.go:562.2,562.41 1 0
github.com/renproject/abi/int.go:556.23,558.3 1 0
github.com/renproject/abi/int.go:559.24,561.3 1 0
github.com/renproject/abi/int.go:570.43,571.28 1 100
github.com/renproject/abi/int.go:574.2,576.12 3 100
github.com/renproject/abi/int.go:571.28,572.76 1 0
github.com/renproject/abi/int.go:584.43,585.28 1 100
github.com/renproject/abi/int.go:588.2,590.12 3 100
github.com/renproject/abi/int.go:585.28,586.76 1 0
github.com/renproject/abi/int.go:599.44,601.34 2 200
github.com/renproject/abi/int.go:601.34,602.43 1 600
github.com/renproject/abi/int.go:602.43,606.4 3 4800
github.com/renproject/abi/int.go:618.20,620.3 1 0
github.com/renproject/abi/int.go:621.22,623.3 1 0
github.com/renproject/abi/int.go:624.22,626.3 1 0
github.com/renproject/abi/int.go:627.22,629.3 1 0
github.com/renproject/abi/int.go:630.24,633.3 2 1
github.com/renproject/abi/int.go:634.24,637.3 2 1
github.com/renproject/abi/list.go:15.21,17.2 1 0
github.com/renproject/abi/list.go:19.40,21.2 1 0
github.com/renproject/abi/list.go:23.43,26.41 3 0
github.com/renproject/abi/list.go:29.2,29.32 1 0
github.com/renproject/abi/list.go:36.2,36.12 1 0
github.com/renproject/abi/list.go:26.41,28.3 1 0
github.com/renproject/abi/list.go:29.32,32.42 1 0
github.com/renproject/abi/list.go:32.42,34.4 1 0
github.com/renproject/abi/list.go:39.46,42.2 2 0
github.com/renproject/abi/list.go:44.85,46.49 2 0
github.com/renproject/abi/list.go:52.2,52.19 1 0
github.com/renproject/abi/list.go:55.2,57.17 3 0
github.com/renproject/abi/list.go:61.2,62.35 2 0
github.com/renproject/abi/list.go:78.2,78.25 1 0
github.com/renproject/abi/list.go:46.49,48.3 1 0
github.com/renproject/abi/list.go:52.19,54.3 1 0
github.com/renproject/abi/list.go:57.17,59.3 1 0
github.com/renproject/abi/list.go:62.35,65.17 2 0
github.com/renproject/abi/list.go:71.3,73.18 3 0
github.com/renproject/abi/list.go:76.3,76.36 1 0
github.com/renproject/abi/list.go:65.17,67.4 1 0
github.com/renproject/abi/list.go:73.18,75.4 1 0
github.com/renproject/abi/list.go:81.31,83.32 2 0
github.com/renproject/abi/list.go:87.2,87.13 1 0
github.com/renproject/abi/list.go:83.32,86.3 2 0
github.com/renproject/abi/list.go:90.25,92.2 1 0
github.com/renproject/abi/list.go:94.33,96.2 1 0
github.com/renproject/abi/list.go:98.39,100.2 1 0
github.com/renproject/abi/list.go:102.40,104.2 1 0
github.com/renproject/abi/list.go:106.31,108.2 1 0
github.com/renproject/abi/list.go:110.29,112.2 1 0
github.com/renproject/abi/list.go:114.33,116.2 1 0
github.com/renproject/abi/list.go:118.26,120.2 1 0
github.com/renproject/abi/list.go:122.48,123.29 1 0
github.com/renproject/abi/list.go:123.29,125.3 1 0
